A D/basicchecker////
A D/bc_checker////
A D/buildchain////
A D/buildchain_partialchain////
A D/buildchain_resourcelimits////
A D/buildchain_uchecker////
A D/customcrlchecker////
A D/defaultcrlchecker2////
A D/ocspchecker////
A D/policychecker////
A D/subjaltnamechecker////
A D/validatechain////
A D/validatechain_NB////
A D/validatechain_bc////
R D/validatechain_bc////
R D/validatechain_NB////
R D/validatechain////
R D/subjaltnamechecker////
R D/policychecker////
R D/ocspchecker////
R D/defaultcrlchecker2////
R D/customcrlchecker////
R D/buildchain_uchecker////
R D/buildchain_resourcelimits////
R D/buildchain_partialchain////
R D/buildchain////
R D/bc_checker////
R D/basicchecker////
