A D/alerts////
A D/apppicker////
A D/autocomplete////
A D/build////
A D/commandlines////
A D/console////
A D/contentprefs////
A D/cookie////
A D/downloads////
A D/extensions////
A D/exthelper////
A D/feeds////
A D/filepicker////
A D/gnome////
A D/help////
A D/history////
A D/microformats////
A D/parental-controls////
A D/parentalcontrols////
A D/passwordmgr////
A D/places////
A D/printing////
A D/profile////
A D/protection////
A D/remote////
A D/satchel////
A D/startup////
A D/systray////
A D/typeaheadfind////
A D/url-classifier////
A D/urlformatter////
A D/utils////
A D/viewconfig////
A D/viewsource////
R D/utils////
R D/systray////
R D/protection////
R D/profile////
R D/parental-controls////
R D/gnome////
R D/extensions////
