This file contains any messages produced by compilers while
running configure, to aid debugging if configure makes a mistake.

It was created by glib configure 2.35.3, which was
generated by GNU Autoconf 2.69.  Invocation command line was

  $ ./configure 

## --------- ##
## Platform. ##
## --------- ##

hostname = Matt-Parnells-Mac-mini.local
uname -m = i386
uname -r = 10.8.0
uname -s = Darwin
uname -v = Darwin Kernel Version 10.8.0: Tue Jun  7 16:33:36 PDT 2011; root:xnu-1504.15.3~1/RELEASE_I386

/usr/bin/uname -p = i386
/bin/uname -X     = unknown

/bin/arch              = unknown
/usr/bin/arch -k       = unknown
/usr/convex/getsysinfo = unknown
/usr/bin/hostinfo      = Mach kernel version:
	 Darwin Kernel Version 10.8.0: Tue Jun  7 16:33:36 PDT 2011; root:xnu-1504.15.3~1/RELEASE_I386
Kernel configured for a single processor only.
1 processor is physically available.
1 processor is logically available.
Processor type: i486 (Intel 80486)
Processor active: 0
Primary memory available: 1.00 gigabytes
Default processor set: 49 tasks, 204 threads, 1 processors
Load average: 1.68, Mach factor: 0.50
/bin/machine           = unknown
/usr/bin/oslevel       = unknown
/bin/universe          = unknown

PATH: /opt/local/bin/git/bin
PATH: /opt/local/libexec/gnubin/
PATH: /Users/matt/bin
PATH: /usr/local/bin
PATH: /opt/local/sbin
PATH: /opt/local/bin
PATH: /bin
PATH: /usr/X11/bin
PATH: /opt/local/bin/git/bin
PATH: /opt/local/libexec/gnubin/
PATH: /Users/matt/bin
PATH: /usr/local/bin
PATH: /opt/local/sbin
PATH: /opt/local/bin
PATH: /bin
PATH: /usr/X11/bin
PATH: /usr/bin
PATH: /bin
PATH: /usr/sbin
PATH: /sbin
PATH: /usr/local/bin
PATH: /usr/local/git/bin
PATH: /usr/X11/bin


## ----------- ##
## Core tests. ##
## ----------- ##

configure:2964: checking for a BSD-compatible install
configure:3032: result: /usr/bin/install -c
configure:3043: checking whether build environment is sane
configure:3098: result: yes
configure:3249: checking for a thread-safe mkdir -p
configure:3288: result: ./install-sh -c -d
configure:3295: checking for gawk
configure:3311: found /opt/local/bin/gawk
configure:3322: result: gawk
configure:3333: checking whether make sets $(MAKE)
configure:3355: result: yes
configure:3427: checking how to create a ustar tar archive
configure:3440: tar --version
bsdtar 2.6.2 - libarchive 2.6.2
configure:3443: $? = 0
configure:3483: tardir=conftest.dir && eval tar --format=ustar -chf - "$tardir" >conftest.tar
configure:3486: $? = 0
configure:3490: tar -xf - <conftest.tar
configure:3493: $? = 0
configure:3506: result: gnutar
configure:3514: checking whether to enable maintainer-specific portions of Makefiles
configure:3523: result: yes
configure:3551: checking whether make supports nested variables
configure:3568: result: yes
configure:3670: checking for gcc
configure:3697: result: gcc
configure:3926: checking for C compiler version
configure:3935: gcc --version >&5
gcc (MacPorts gcc47 4.7.2_2) 4.7.2
Copyright (C) 2012 Free Software Foundation, Inc.
This is free software; see the source for copying conditions.  There is NO
warranty; not even for MERCHANTABILITY or FITNESS FOR A PARTICULAR PURPOSE.

configure:3946: $? = 0
configure:3935: gcc -v >&5
Using built-in specs.
COLLECT_GCC=gcc
COLLECT_LTO_WRAPPER=/opt/local/libexec/gcc/i386-apple-darwin10/4.7.2/lto-wrapper
Target: i386-apple-darwin10
Configured with: ../gcc-4.7.2/configure --prefix=/opt/local --build=i386-apple-darwin10 --enable-languages=c,c++,objc,obj-c++,lto,fortran,java --libdir=/opt/local/lib/gcc47 --includedir=/opt/local/include/gcc47 --infodir=/opt/local/share/info --mandir=/opt/local/share/man --datarootdir=/opt/local/share/gcc-4.7 --with-libiconv-prefix=/opt/local --with-local-prefix=/opt/local --with-system-zlib --disable-nls --program-suffix=-mp-4.7 --with-gxx-include-dir=/opt/local/include/gcc47/c++/ --with-gmp=/opt/local --with-mpfr=/opt/local --with-mpc=/opt/local --with-ppl=/opt/local --with-cloog=/opt/local --enable-cloog-backend=isl --disable-cloog-version-check --enable-stage1-checking --disable-multilib --enable-lto --enable-libstdcxx-time --with-as=/opt/local/bin/as --with-ld=/opt/local/bin/ld --with-ar=/opt/local/bin/ar --with-bugurl=https://trac.macports.org/newticket --disable-ppl-version-check --with-pkgversion='MacPorts gcc47 4.7.2_2'
Thread model: posix
gcc version 4.7.2 (MacPorts gcc47 4.7.2_2) 
configure:3946: $? = 0
configure:3935: gcc -V >&5
gcc: error: unrecognized command line option '-V'
gcc: fatal error: no input files
compilation terminated.
configure:3946: $? = 1
configure:3935: gcc -qversion >&5
gcc: error: unrecognized command line option '-qversion'
gcc: fatal error: no input files
compilation terminated.
configure:3946: $? = 1
configure:3966: checking whether the C compiler works
configure:3988: gcc -m32 -arch i386 -m32 -arch i386 -m32 -arch i386 conftest.c  >&5
configure:3992: $? = 0
configure:4040: result: yes
configure:4043: checking for C compiler default output file name
configure:4045: result: a.out
configure:4051: checking for suffix of executables
configure:4058: gcc -o conftest -m32 -arch i386 -m32 -arch i386 -m32 -arch i386 conftest.c  >&5
configure:4062: $? = 0
configure:4084: result: 
configure:4106: checking whether we are cross compiling
configure:4114: gcc -o conftest -m32 -arch i386 -m32 -arch i386 -m32 -arch i386 conftest.c  >&5
configure:4118: $? = 0
configure:4125: ./conftest
configure:4129: $? = 0
configure:4144: result: no
configure:4149: checking for suffix of object files
configure:4171: gcc -c -m32 -arch i386 -m32 -arch i386 conftest.c >&5
configure:4175: $? = 0
configure:4196: result: o
configure:4200: checking whether we are using the GNU C compiler
configure:4219: gcc -c -m32 -arch i386 -m32 -arch i386 conftest.c >&5
configure:4219: $? = 0
configure:4228: result: yes
configure:4237: checking whether gcc accepts -g
configure:4257: gcc -c -g -m32 -arch i386 conftest.c >&5
configure:4257: $? = 0
configure:4298: result: yes
configure:4315: checking for gcc option to accept ISO C89
configure:4378: gcc  -c -m32 -arch i386 -m32 -arch i386 conftest.c >&5
configure:4378: $? = 0
configure:4391: result: none needed
configure:4422: checking for style of include used by make
configure:4450: result: GNU
configure:4476: checking dependency style of gcc
configure:4587: result: gcc3
configure:4607: checking how to run the C preprocessor
configure:4638: gcc -E -m32 -arch i386 conftest.c
configure:4638: $? = 0
configure:4652: gcc -E -m32 -arch i386 conftest.c
conftest.c:14:28: fatal error: ac_nonexistent.h: No such file or directory
compilation terminated.
configure:4652: $? = 1
configure: failed program was:
| /* confdefs.h */
| #define PACKAGE_NAME "glib"
| #define PACKAGE_TARNAME "glib"
| #define PACKAGE_VERSION "2.35.3"
| #define PACKAGE_STRING "glib 2.35.3"
| #define PACKAGE_BUGREPORT "http://bugzilla.gnome.org/enter_bug.cgi?product=glib"
| #define PACKAGE_URL ""
| #define GLIB_MAJOR_VERSION 2
| #define GLIB_MINOR_VERSION 35
| #define GLIB_MICRO_VERSION 3
| #define GLIB_INTERFACE_AGE 0
| #define GLIB_BINARY_AGE 3503
| /* end confdefs.h.  */
| #include <ac_nonexistent.h>
configure:4677: result: gcc -E
configure:4697: gcc -E -m32 -arch i386 conftest.c
configure:4697: $? = 0
configure:4711: gcc -E -m32 -arch i386 conftest.c
conftest.c:14:28: fatal error: ac_nonexistent.h: No such file or directory
compilation terminated.
configure:4711: $? = 1
configure: failed program was:
| /* confdefs.h */
| #define PACKAGE_NAME "glib"
| #define PACKAGE_TARNAME "glib"
| #define PACKAGE_VERSION "2.35.3"
| #define PACKAGE_STRING "glib 2.35.3"
| #define PACKAGE_BUGREPORT "http://bugzilla.gnome.org/enter_bug.cgi?product=glib"
| #define PACKAGE_URL ""
| #define GLIB_MAJOR_VERSION 2
| #define GLIB_MINOR_VERSION 35
| #define GLIB_MICRO_VERSION 3
| #define GLIB_INTERFACE_AGE 0
| #define GLIB_BINARY_AGE 3503
| /* end confdefs.h.  */
| #include <ac_nonexistent.h>
configure:4753: checking build system type
configure:4767: result: i386-apple-darwin10.8.0
configure:4787: checking host system type
configure:4800: result: i386-apple-darwin10.8.0
configure:4821: checking for the BeOS
configure:4831: result: no
configure:4835: checking for Win32
configure:4873: result: no
configure:4879: checking for Mac OS X Carbon support
configure:4890: gcc -E -m32 -arch i386 conftest.c
configure:4890: $? = 0
configure:4895: result: yes
configure:4899: checking for Mac OS X Cocoa support
configure:4910: gcc -E -m32 -arch i386 conftest.c
configure:4910: $? = 0
configure:4915: result: yes
configure:5418: checking for grep that handles long lines and -e
configure:5476: result: /usr/bin/grep
configure:5481: checking for egrep
configure:5543: result: /usr/bin/grep -E
configure:5549: checking whether we are using the GNU C Library 2.1 or newer
conftest.c:17:22: fatal error: features.h: No such file or directory
compilation terminated.
configure:5576: result: no
configure:5635: checking whether to enable garbage collector friendliness
configure:5646: result: no
configure:5650: checking whether to disable memory pools
configure:5654: result: no
configure:5737: checking for c++
configure:5753: found /usr/bin/c++
configure:5764: result: c++
configure:5907: checking for C++ compiler version
configure:5916: c++ --version >&5
c++ (MacPorts gcc47 4.7.2_2) 4.7.2
Copyright (C) 2012 Free Software Foundation, Inc.
This is free software; see the source for copying conditions.  There is NO
warranty; not even for MERCHANTABILITY or FITNESS FOR A PARTICULAR PURPOSE.

configure:5927: $? = 0
configure:5916: c++ -v >&5
Using built-in specs.
COLLECT_GCC=c++
COLLECT_LTO_WRAPPER=/opt/local/libexec/gcc/i386-apple-darwin10/4.7.2/lto-wrapper
Target: i386-apple-darwin10
Configured with: ../gcc-4.7.2/configure --prefix=/opt/local --build=i386-apple-darwin10 --enable-languages=c,c++,objc,obj-c++,lto,fortran,java --libdir=/opt/local/lib/gcc47 --includedir=/opt/local/include/gcc47 --infodir=/opt/local/share/info --mandir=/opt/local/share/man --datarootdir=/opt/local/share/gcc-4.7 --with-libiconv-prefix=/opt/local --with-local-prefix=/opt/local --with-system-zlib --disable-nls --program-suffix=-mp-4.7 --with-gxx-include-dir=/opt/local/include/gcc47/c++/ --with-gmp=/opt/local --with-mpfr=/opt/local --with-mpc=/opt/local --with-ppl=/opt/local --with-cloog=/opt/local --enable-cloog-backend=isl --disable-cloog-version-check --enable-stage1-checking --disable-multilib --enable-lto --enable-libstdcxx-time --with-as=/opt/local/bin/as --with-ld=/opt/local/bin/ld --with-ar=/opt/local/bin/ar --with-bugurl=https://trac.macports.org/newticket --disable-ppl-version-check --with-pkgversion='MacPorts gcc47 4.7.2_2'
Thread model: posix
gcc version 4.7.2 (MacPorts gcc47 4.7.2_2) 
configure:5927: $? = 0
configure:5916: c++ -V >&5
c++: error: unrecognized command line option '-V'
c++: fatal error: no input files
compilation terminated.
configure:5927: $? = 1
configure:5916: c++ -qversion >&5
c++: error: unrecognized command line option '-qversion'
c++: fatal error: no input files
compilation terminated.
configure:5927: $? = 1
configure:5931: checking whether we are using the GNU C++ compiler
configure:5950: c++ -c -m32 -arch i386 -m32 -arch i386 conftest.cpp >&5
configure:5950: $? = 0
configure:5959: result: yes
configure:5968: checking whether c++ accepts -g
configure:5988: c++ -c -g -m32 -arch i386 conftest.cpp >&5
configure:5988: $? = 0
configure:6029: result: yes
configure:6054: checking dependency style of c++
configure:6165: result: gcc3
configure:6192: c++ -c -m32 -arch i386 -m32 -arch i386 conftest.cpp >&5
configure:6192: $? = 0
configure:6261: checking for gcc
configure:6288: result: gcc
configure:6517: checking for C compiler version
configure:6526: gcc --version >&5
gcc (MacPorts gcc47 4.7.2_2) 4.7.2
Copyright (C) 2012 Free Software Foundation, Inc.
This is free software; see the source for copying conditions.  There is NO
warranty; not even for MERCHANTABILITY or FITNESS FOR A PARTICULAR PURPOSE.

configure:6537: $? = 0
configure:6526: gcc -v >&5
Using built-in specs.
COLLECT_GCC=gcc
COLLECT_LTO_WRAPPER=/opt/local/libexec/gcc/i386-apple-darwin10/4.7.2/lto-wrapper
Target: i386-apple-darwin10
Configured with: ../gcc-4.7.2/configure --prefix=/opt/local --build=i386-apple-darwin10 --enable-languages=c,c++,objc,obj-c++,lto,fortran,java --libdir=/opt/local/lib/gcc47 --includedir=/opt/local/include/gcc47 --infodir=/opt/local/share/info --mandir=/opt/local/share/man --datarootdir=/opt/local/share/gcc-4.7 --with-libiconv-prefix=/opt/local --with-local-prefix=/opt/local --with-system-zlib --disable-nls --program-suffix=-mp-4.7 --with-gxx-include-dir=/opt/local/include/gcc47/c++/ --with-gmp=/opt/local --with-mpfr=/opt/local --with-mpc=/opt/local --with-ppl=/opt/local --with-cloog=/opt/local --enable-cloog-backend=isl --disable-cloog-version-check --enable-stage1-checking --disable-multilib --enable-lto --enable-libstdcxx-time --with-as=/opt/local/bin/as --with-ld=/opt/local/bin/ld --with-ar=/opt/local/bin/ar --with-bugurl=https://trac.macports.org/newticket --disable-ppl-version-check --with-pkgversion='MacPorts gcc47 4.7.2_2'
Thread model: posix
gcc version 4.7.2 (MacPorts gcc47 4.7.2_2) 
configure:6537: $? = 0
configure:6526: gcc -V >&5
gcc: error: unrecognized command line option '-V'
gcc: fatal error: no input files
compilation terminated.
configure:6537: $? = 1
configure:6526: gcc -qversion >&5
gcc: error: unrecognized command line option '-qversion'
gcc: fatal error: no input files
compilation terminated.
configure:6537: $? = 1
configure:6541: checking whether we are using the GNU C compiler
configure:6569: result: yes
configure:6578: checking whether gcc accepts -g
configure:6639: result: yes
configure:6656: checking for gcc option to accept ISO C89
configure:6732: result: none needed
configure:6754: checking dependency style of gcc
configure:6865: result: gcc3
configure:6884: checking whether gcc and cc understand -c and -o together
configure:6915: gcc -c conftest.c -o conftest2.o >&5
configure:6919: $? = 0
configure:6925: gcc -c conftest.c -o conftest2.o >&5
configure:6929: $? = 0
configure:6940: cc -c conftest.c >&5
configure:6944: $? = 0
configure:6952: cc -c conftest.c -o conftest2.o >&5
configure:6956: $? = 0
configure:6962: cc -c conftest.c -o conftest2.o >&5
configure:6966: $? = 0
configure:6984: result: yes
configure:7018: checking for special C compiler options needed for large files
configure:7063: result: no
configure:7069: checking for _FILE_OFFSET_BITS value needed for large files
configure:7094: gcc -c -m32 -arch i386 -m32 -arch i386 conftest.c >&5
configure:7094: $? = 0
configure:7126: result: no
configure:7266: checking for pkg-config
configure:7284: found /opt/local/bin/pkg-config
configure:7296: result: /opt/local/bin/pkg-config
configure:7321: checking pkg-config is at least version 0.16
configure:7324: result: yes
configure:7398: checking for gawk
configure:7425: result: gawk
configure:7440: checking for perl5
configure:7456: found /opt/local/bin/perl5
configure:7467: result: perl5
configure:7481: checking for indent
configure:7497: found /usr/bin/indent
configure:7508: result: indent
configure:7530: checking for perl5
configure:7548: found /opt/local/bin/perl5
configure:7560: result: /opt/local/bin/perl5
configure:7610: checking for a Python interpreter with version >= 2.5
configure:7627: python -c import sys # split strings by '.' and convert to numeric. Append some zeros # because we need at least 4 digits for the hex conversion. # map returns an iterator in Python 3.0 and a list in 2.x minver = list(map(int, '2.5'.split('.'))) + [0, 0, 0] minverhex = 0 # xrange is not present in Python 3.0 and range returns an iterator for i in list(range(0, 4)): minverhex = (minverhex << 8) + minver[i] sys.exit(sys.hexversion < minverhex)
configure:7630: $? = 0
configure:7636: result: python
configure:7644: checking for python
configure:7662: found /usr/bin/python
configure:7674: result: /usr/bin/python
configure:7692: checking for python version
configure:7699: result: 2.6
configure:7711: checking for python platform
configure:7718: result: darwin
configure:7744: checking for python script directory
configure:7779: result: ${prefix}/lib/python2.6/site-packages
configure:7788: checking for python extension module directory
configure:7823: result: ${exec_prefix}/lib/python2.6/site-packages
configure:7859: checking for iconv_open
configure:7859: gcc -o conftest -m32 -arch i386 -m32 -arch i386 -m32 -arch i386 -Wl,-framework,Carbon -Wl,-framework,Foundation conftest.c  >&5
Undefined symbols for architecture i386:
  "_iconv_open", referenced from:
      _main in ccv8s5FW.o
ld: symbol(s) not found for architecture i386
collect2: error: ld returned 1 exit status
configure:7859: $? = 1
configure: failed program was:
| /* confdefs.h */
| #define PACKAGE_NAME "glib"
| #define PACKAGE_TARNAME "glib"
| #define PACKAGE_VERSION "2.35.3"
| #define PACKAGE_STRING "glib 2.35.3"
| #define PACKAGE_BUGREPORT "http://bugzilla.gnome.org/enter_bug.cgi?product=glib"
| #define PACKAGE_URL ""
| #define GLIB_MAJOR_VERSION 2
| #define GLIB_MINOR_VERSION 35
| #define GLIB_MICRO_VERSION 3
| #define GLIB_INTERFACE_AGE 0
| #define GLIB_BINARY_AGE 3503
| #define HAVE_CARBON 1
| #define HAVE_COCOA 1
| /* end confdefs.h.  */
| /* Define iconv_open to an innocuous variant, in case <limits.h> declares iconv_open.
|    For example, HP-UX 11i <limits.h> declares gettimeofday.  */
| #define iconv_open innocuous_iconv_open
| 
| /* System header to define __stub macros and hopefully few prototypes,
|     which can conflict with char iconv_open (); below.
|     Prefer <limits.h> to <assert.h> if __STDC__ is defined, since
|     <limits.h> exists even on freestanding compilers.  */
| 
| #ifdef __STDC__
| # include <limits.h>
| #else
| # include <assert.h>
| #endif
| 
| #undef iconv_open
| 
| /* Override any GCC internal prototype to avoid an error.
|    Use char because int might match the return type of a GCC
|    builtin and then its argument prototype would still apply.  */
| #ifdef __cplusplus
| extern "C"
| #endif
| char iconv_open ();
| /* The GNU C library defines this for functions which it implements
|     to always fail with ENOSYS.  Some functions are actually named
|     something starting with __ and the normal name is an alias.  */
| #if defined __stub_iconv_open || defined __stub___iconv_open
| choke me
| #endif
| 
| int
| main ()
| {
| return iconv_open ();
|   ;
|   return 0;
| }
configure:7859: result: no
configure:7866: checking for libiconv_open in -liconv
configure:7891: gcc -o conftest -m32 -arch i386 -m32 -arch i386 -m32 -arch i386 -Wl,-framework,Carbon -Wl,-framework,Foundation conftest.c -liconv   >&5
configure:7891: $? = 0
configure:7900: result: yes
configure:8058: checking whether to cache iconv descriptors
configure:8080: result: yes
configure:8086: checking for ZLIB
configure:8093: $PKG_CONFIG --exists --print-errors "zlib"
configure:8096: $? = 0
configure:8110: $PKG_CONFIG --exists --print-errors "zlib"
configure:8113: $? = 0
configure:8151: result: yes
configure:8155: checking for ANSI C header files
configure:8175: gcc -c -m32 -arch i386 -m32 -arch i386 conftest.c >&5
configure:8175: $? = 0
configure:8248: gcc -o conftest -m32 -arch i386 -m32 -arch i386 -m32 -arch i386 -Wl,-framework,Carbon -Wl,-framework,Foundation conftest.c  >&5
configure:8248: $? = 0
configure:8248: ./conftest
configure:8248: $? = 0
configure:8259: result: yes
configure:8272: checking for sys/types.h
configure:8272: gcc -c -m32 -arch i386 -m32 -arch i386 conftest.c >&5
configure:8272: $? = 0
configure:8272: result: yes
configure:8272: checking for sys/stat.h
configure:8272: gcc -c -m32 -arch i386 -m32 -arch i386 conftest.c >&5
configure:8272: $? = 0
configure:8272: result: yes
configure:8272: checking for stdlib.h
configure:8272: gcc -c -m32 -arch i386 -m32 -arch i386 conftest.c >&5
configure:8272: $? = 0
configure:8272: result: yes
configure:8272: checking for string.h
configure:8272: gcc -c -m32 -arch i386 -m32 -arch i386 conftest.c >&5
configure:8272: $? = 0
configure:8272: result: yes
configure:8272: checking for memory.h
configure:8272: gcc -c -m32 -arch i386 -m32 -arch i386 conftest.c >&5
configure:8272: $? = 0
configure:8272: result: yes
configure:8272: checking for strings.h
configure:8272: gcc -c -m32 -arch i386 -m32 -arch i386 conftest.c >&5
configure:8272: $? = 0
configure:8272: result: yes
configure:8272: checking for inttypes.h
configure:8272: gcc -c -m32 -arch i386 -m32 -arch i386 conftest.c >&5
configure:8272: $? = 0
configure:8272: result: yes
configure:8272: checking for stdint.h
configure:8272: gcc -c -m32 -arch i386 -m32 -arch i386 conftest.c >&5
configure:8272: $? = 0
configure:8272: result: yes
configure:8272: checking for unistd.h
configure:8272: gcc -c -m32 -arch i386 -m32 -arch i386 conftest.c >&5
configure:8272: $? = 0
configure:8272: result: yes
configure:8341: checking for LIBFFI
configure:8348: $PKG_CONFIG --exists --print-errors "libffi >= 3.0.0"
configure:8351: $? = 0
configure:8365: $PKG_CONFIG --exists --print-errors "libffi >= 3.0.0"
configure:8368: $? = 0
configure:8426: result: yes
configure:8440: checking locale.h usability
configure:8440: gcc -c -m32 -arch i386 -m32 -arch i386 conftest.c >&5
configure:8440: $? = 0
configure:8440: result: yes
configure:8440: checking locale.h presence
configure:8440: gcc -E -m32 -arch i386 conftest.c
configure:8440: $? = 0
configure:8440: result: yes
configure:8440: checking for locale.h
configure:8440: result: yes
configure:8451: checking for LC_MESSAGES
configure:8467: gcc -o conftest -m32 -arch i386 -m32 -arch i386 -m32 -arch i386 -Wl,-framework,Carbon -Wl,-framework,Foundation conftest.c  >&5
configure:8467: $? = 0
configure:8475: result: yes
configure:8492: checking libintl.h usability
configure:8492: gcc -c -m32 -arch i386 -m32 -arch i386 conftest.c >&5
configure:8492: $? = 0
configure:8492: result: yes
configure:8492: checking libintl.h presence
configure:8492: gcc -E -m32 -arch i386 conftest.c
configure:8492: $? = 0
configure:8492: result: yes
configure:8492: checking for libintl.h
configure:8492: result: yes
configure:8500: checking for ngettext in libc
configure:8518: gcc -o conftest -m32 -arch i386 -m32 -arch i386 -m32 -arch i386 -Wl,-framework,Carbon -Wl,-framework,Foundation conftest.c  >&5
Undefined symbols for architecture i386:
  "_libintl_ngettext", referenced from:
      _main in ccl4SFBp.o
ld: symbol(s) not found for architecture i386
collect2: error: ld returned 1 exit status
configure:8518: $? = 1
configure: failed program was:
| /* confdefs.h */
| #define PACKAGE_NAME "glib"
| #define PACKAGE_TARNAME "glib"
| #define PACKAGE_VERSION "2.35.3"
| #define PACKAGE_STRING "glib 2.35.3"
| #define PACKAGE_BUGREPORT "http://bugzilla.gnome.org/enter_bug.cgi?product=glib"
| #define PACKAGE_URL ""
| #define GLIB_MAJOR_VERSION 2
| #define GLIB_MINOR_VERSION 35
| #define GLIB_MICRO_VERSION 3
| #define GLIB_INTERFACE_AGE 0
| #define GLIB_BINARY_AGE 3503
| #define HAVE_CARBON 1
| #define HAVE_COCOA 1
| #define NEED_ICONV_CACHE 1
| #define STDC_HEADERS 1
| #define HAVE_SYS_TYPES_H 1
| #define HAVE_SYS_STAT_H 1
| #define HAVE_STDLIB_H 1
| #define HAVE_STRING_H 1
| #define HAVE_MEMORY_H 1
| #define HAVE_STRINGS_H 1
| #define HAVE_INTTYPES_H 1
| #define HAVE_STDINT_H 1
| #define HAVE_UNISTD_H 1
| #define HAVE_LOCALE_H 1
| #define HAVE_LC_MESSAGES 1
| /* end confdefs.h.  */
| 
| #include <libintl.h>
| 
| int
| main ()
| {
| return !ngettext ("","", 1)
|   ;
|   return 0;
| }
configure:8527: result: no
configure:8583: checking for bindtextdomain in -lintl
configure:8608: gcc -o conftest -m32 -arch i386 -m32 -arch i386 -m32 -arch i386 -Wl,-framework,Carbon -Wl,-framework,Foundation conftest.c -lintl   >&5
ld: library not found for -lintl
collect2: error: ld returned 1 exit status
configure:8608: $? = 1
configure: failed program was:
| /* confdefs.h */
| #define PACKAGE_NAME "glib"
| #define PACKAGE_TARNAME "glib"
| #define PACKAGE_VERSION "2.35.3"
| #define PACKAGE_STRING "glib 2.35.3"
| #define PACKAGE_BUGREPORT "http://bugzilla.gnome.org/enter_bug.cgi?product=glib"
| #define PACKAGE_URL ""
| #define GLIB_MAJOR_VERSION 2
| #define GLIB_MINOR_VERSION 35
| #define GLIB_MICRO_VERSION 3
| #define GLIB_INTERFACE_AGE 0
| #define GLIB_BINARY_AGE 3503
| #define HAVE_CARBON 1
| #define HAVE_COCOA 1
| #define NEED_ICONV_CACHE 1
| #define STDC_HEADERS 1
| #define HAVE_SYS_TYPES_H 1
| #define HAVE_SYS_STAT_H 1
| #define HAVE_STDLIB_H 1
| #define HAVE_STRING_H 1
| #define HAVE_MEMORY_H 1
| #define HAVE_STRINGS_H 1
| #define HAVE_INTTYPES_H 1
| #define HAVE_STDINT_H 1
| #define HAVE_UNISTD_H 1
| #define HAVE_LOCALE_H 1
| #define HAVE_LC_MESSAGES 1
| /* end confdefs.h.  */
| 
| /* Override any GCC internal prototype to avoid an error.
|    Use char because int might match the return type of a GCC
|    builtin and then its argument prototype would still apply.  */
| #ifdef __cplusplus
| extern "C"
| #endif
| char bindtextdomain ();
| int
| main ()
| {
| return bindtextdomain ();
|   ;
|   return 0;
| }
configure:8617: result: no
configure:8703: checking if -liconv is needed to use gettext
configure:8705: result: 
configure:8707: checking for ngettext in -lintl
configure:8732: gcc -o conftest -m32 -arch i386 -m32 -arch i386 -m32 -arch i386 -Wl,-framework,Carbon -Wl,-framework,Foundation conftest.c -lintl -liconv  >&5
ld: library not found for -lintl
collect2: error: ld returned 1 exit status
configure:8732: $? = 1
configure: failed program was:
| /* confdefs.h */
| #define PACKAGE_NAME "glib"
| #define PACKAGE_TARNAME "glib"
| #define PACKAGE_VERSION "2.35.3"
| #define PACKAGE_STRING "glib 2.35.3"
| #define PACKAGE_BUGREPORT "http://bugzilla.gnome.org/enter_bug.cgi?product=glib"
| #define PACKAGE_URL ""
| #define GLIB_MAJOR_VERSION 2
| #define GLIB_MINOR_VERSION 35
| #define GLIB_MICRO_VERSION 3
| #define GLIB_INTERFACE_AGE 0
| #define GLIB_BINARY_AGE 3503
| #define HAVE_CARBON 1
| #define HAVE_COCOA 1
| #define NEED_ICONV_CACHE 1
| #define STDC_HEADERS 1
| #define HAVE_SYS_TYPES_H 1
| #define HAVE_SYS_STAT_H 1
| #define HAVE_STDLIB_H 1
| #define HAVE_STRING_H 1
| #define HAVE_MEMORY_H 1
| #define HAVE_STRINGS_H 1
| #define HAVE_INTTYPES_H 1
| #define HAVE_STDINT_H 1
| #define HAVE_UNISTD_H 1
| #define HAVE_LOCALE_H 1
| #define HAVE_LC_MESSAGES 1
| /* end confdefs.h.  */
| 
| /* Override any GCC internal prototype to avoid an error.
|    Use char because int might match the return type of a GCC
|    builtin and then its argument prototype would still apply.  */
| #ifdef __cplusplus
| extern "C"
| #endif
| char ngettext ();
| int
| main ()
| {
| return ngettext ();
|   ;
|   return 0;
| }
configure:8741: result: no
configure:9147: error: 
*** You must have either have gettext support in your C library, or use the
*** GNU gettext library. (http://www.gnu.org/software/gettext/gettext.html


## ---------------- ##
## Cache variables. ##
## ---------------- ##

ac_cv_build=i386-apple-darwin10.8.0
ac_cv_c_compiler_gnu=yes
ac_cv_cxx_compiler_gnu=yes
ac_cv_env_CCC_set=
ac_cv_env_CCC_value=
ac_cv_env_CC_set=set
ac_cv_env_CC_value=gcc
ac_cv_env_CFLAGS_set=set
ac_cv_env_CFLAGS_value='-m32 -arch i386'
ac_cv_env_CPPFLAGS_set=set
ac_cv_env_CPPFLAGS_value='-m32 -arch i386'
ac_cv_env_CPP_set=
ac_cv_env_CPP_value=
ac_cv_env_CXXCPP_set=
ac_cv_env_CXXCPP_value=
ac_cv_env_CXXFLAGS_set=set
ac_cv_env_CXXFLAGS_value='-m32 -arch i386'
ac_cv_env_CXX_set=
ac_cv_env_CXX_value=
ac_cv_env_DBUS1_CFLAGS_set=
ac_cv_env_DBUS1_CFLAGS_value=
ac_cv_env_DBUS1_LIBS_set=
ac_cv_env_DBUS1_LIBS_value=
ac_cv_env_LDFLAGS_set=set
ac_cv_env_LDFLAGS_value='-m32 -arch i386'
ac_cv_env_LIBELF_CFLAGS_set=
ac_cv_env_LIBELF_CFLAGS_value=
ac_cv_env_LIBELF_LIBS_set=
ac_cv_env_LIBELF_LIBS_value=
ac_cv_env_LIBFFI_CFLAGS_set=
ac_cv_env_LIBFFI_CFLAGS_value=
ac_cv_env_LIBFFI_LIBS_set=
ac_cv_env_LIBFFI_LIBS_value=
ac_cv_env_LIBS_set=
ac_cv_env_LIBS_value=
ac_cv_env_PCRE_CFLAGS_set=
ac_cv_env_PCRE_CFLAGS_value=
ac_cv_env_PCRE_LIBS_set=
ac_cv_env_PCRE_LIBS_value=
ac_cv_env_PKG_CONFIG_LIBDIR_set=
ac_cv_env_PKG_CONFIG_LIBDIR_value=
ac_cv_env_PKG_CONFIG_PATH_set=
ac_cv_env_PKG_CONFIG_PATH_value=
ac_cv_env_PKG_CONFIG_set=
ac_cv_env_PKG_CONFIG_value=
ac_cv_env_PYTHON_set=
ac_cv_env_PYTHON_value=
ac_cv_env_ZLIB_CFLAGS_set=
ac_cv_env_ZLIB_CFLAGS_value=
ac_cv_env_ZLIB_LIBS_set=
ac_cv_env_ZLIB_LIBS_value=
ac_cv_env_build_alias_set=
ac_cv_env_build_alias_value=
ac_cv_env_host_alias_set=
ac_cv_env_host_alias_value=
ac_cv_env_target_alias_set=
ac_cv_env_target_alias_value=
ac_cv_func_iconv_open=no
ac_cv_gnu_library_2_1=no
ac_cv_header_inttypes_h=yes
ac_cv_header_libintl_h=yes
ac_cv_header_locale_h=yes
ac_cv_header_memory_h=yes
ac_cv_header_stdc=yes
ac_cv_header_stdint_h=yes
ac_cv_header_stdlib_h=yes
ac_cv_header_string_h=yes
ac_cv_header_strings_h=yes
ac_cv_header_sys_stat_h=yes
ac_cv_header_sys_types_h=yes
ac_cv_header_unistd_h=yes
ac_cv_host=i386-apple-darwin10.8.0
ac_cv_lib_iconv_libiconv_open=yes
ac_cv_lib_intl_bindtextdomain=no
ac_cv_lib_intl_ngettext=no
ac_cv_objext=o
ac_cv_path_EGREP='/usr/bin/grep -E'
ac_cv_path_GREP=/usr/bin/grep
ac_cv_path_PERL_PATH=/opt/local/bin/perl5
ac_cv_path_PYTHON=/usr/bin/python
ac_cv_path_ac_pt_PKG_CONFIG=/opt/local/bin/pkg-config
ac_cv_path_install='/usr/bin/install -c'
ac_cv_prog_AWK=gawk
ac_cv_prog_CPP='gcc -E'
ac_cv_prog_INDENT=indent
ac_cv_prog_PERL=perl5
ac_cv_prog_ac_ct_CC=gcc
ac_cv_prog_ac_ct_CXX=c++
ac_cv_prog_cc_c89=
ac_cv_prog_cc_g=yes
ac_cv_prog_cc_gcc_c_o=yes
ac_cv_prog_cxx_g=yes
ac_cv_prog_make_make_set=yes
ac_cv_sys_file_offset_bits=no
ac_cv_sys_largefile_CC=no
am_cv_CC_dependencies_compiler_type=gcc3
am_cv_CXX_dependencies_compiler_type=gcc3
am_cv_make_support_nested_variables=yes
am_cv_pathless_PYTHON=python
am_cv_prog_cc_stdc=
am_cv_prog_tar_ustar=gnutar
am_cv_python_platform=darwin
am_cv_python_pyexecdir='${exec_prefix}/lib/python2.6/site-packages'
am_cv_python_pythondir='${prefix}/lib/python2.6/site-packages'
am_cv_python_version=2.6
am_cv_val_LC_MESSAGES=yes
gt_cv_func_dgettext_libintl=no
gt_cv_func_ngettext_libc=no
gt_cv_have_gettext=no
pkg_cv_LIBFFI_CFLAGS='-I/opt/local/lib/libffi-3.0.11/include  '
pkg_cv_LIBFFI_LIBS='-L/opt/local/lib -lffi  '
pkg_cv_ZLIB_CFLAGS='-I/opt/local/include  '
pkg_cv_ZLIB_LIBS='-L/opt/local/lib -lz  '

## ----------------- ##
## Output variables. ##
## ----------------- ##

ABS_GLIB_RUNTIME_LIBDIR=''
ABS_TAPSET_DIR=''
ACLOCAL='${SHELL} /Users/matt/nightingale/nightingale-deps/glib/missing --run aclocal-1.12'
ALLOCA=''
AMDEPBACKSLASH='\'
AMDEP_FALSE='#'
AMDEP_TRUE=''
AMTAR='$${TAR-tar}'
AM_BACKSLASH='\'
AM_DEFAULT_V='$(AM_DEFAULT_VERBOSITY)'
AM_DEFAULT_VERBOSITY='0'
AM_V='$(V)'
AR=''
AS=''
AUTOCONF='${SHELL} /Users/matt/nightingale/nightingale-deps/glib/missing --run autoconf'
AUTOHEADER='${SHELL} /Users/matt/nightingale/nightingale-deps/glib/missing --run autoheader'
AUTOMAKE='${SHELL} /Users/matt/nightingale/nightingale-deps/glib/missing --run automake-1.12'
AWK='gawk'
BUILD_MODULAR_TESTS_FALSE='#'
BUILD_MODULAR_TESTS_TRUE=''
CATALOGS=''
CATOBJEXT='NONE'
CC='gcc'
CCDEPMODE='depmode=gcc3'
CFLAGS='-m32 -arch i386'
CONFIG_STATUS_DEPENDENCIES='$(top_srcdir)/po/LINGUAS'
CPP='gcc -E'
CPPFLAGS='-m32 -arch i386'
CROSS_COMPILING_FALSE=''
CROSS_COMPILING_TRUE=''
CXX='c++'
CXXCPP=''
CXXDEPMODE='depmode=gcc3'
CXXFLAGS='-m32 -arch i386'
CYGPATH_W='echo'
DATADIRNAME=''
DBUS1_CFLAGS=''
DBUS1_LIBS=''
DBUS_DAEMON=''
DEFS=''
DEPDIR='.deps'
DLLTOOL=''
DSYMUTIL=''
DTRACE=''
DUMPBIN=''
ECHO_C='\c'
ECHO_N=''
ECHO_T=''
EGREP='/usr/bin/grep -E'
ENABLE_DTRACE_FALSE=''
ENABLE_DTRACE_TRUE=''
ENABLE_GTK_DOC_FALSE=''
ENABLE_GTK_DOC_TRUE=''
ENABLE_MAN_FALSE=''
ENABLE_MAN_TRUE=''
ENABLE_SYSTEMTAP_FALSE=''
ENABLE_SYSTEMTAP_TRUE=''
ENABLE_TIMELOOP_FALSE=''
ENABLE_TIMELOOP_TRUE=''
EXEEXT=''
FAM_LIBS=''
FGREP=''
GETTEXT_PACKAGE=''
GIO=''
GIO_MODULE_DIR=''
GLIBC21='no'
GLIB_BINARY_AGE='3503'
GLIB_COMPILE_RESOURCES=''
GLIB_COMPILE_SCHEMAS=''
GLIB_DEBUG_FLAGS='-DG_ENABLE_DEBUG'
GLIB_EXTRA_CFLAGS=''
GLIB_GENMARSHAL=''
GLIB_INTERFACE_AGE='0'
GLIB_LINK_FLAGS=''
GLIB_MAJOR_VERSION='2'
GLIB_MICRO_VERSION='3'
GLIB_MINOR_VERSION='35'
GLIB_RUNTIME_LIBDIR=''
GLIB_VERSION='2.35.3'
GLIB_WIN32_STATIC_COMPILATION_DEFINE=''
GMOFILES=' af.gmo am.gmo ar.gmo as.gmo ast.gmo az.gmo be.gmo be@latin.gmo bg.gmo bn.gmo bn_IN.gmo bs.gmo ca.gmo ca@valencia.gmo cs.gmo cy.gmo da.gmo de.gmo dz.gmo el.gmo en_CA.gmo en_GB.gmo en@shaw.gmo eo.gmo es.gmo et.gmo eu.gmo fa.gmo fi.gmo fr.gmo ga.gmo gl.gmo gu.gmo he.gmo hi.gmo hr.gmo hu.gmo hy.gmo id.gmo is.gmo it.gmo ja.gmo ka.gmo kk.gmo kn.gmo ko.gmo ku.gmo lt.gmo lv.gmo mai.gmo mg.gmo mk.gmo ml.gmo mn.gmo mr.gmo ms.gmo nb.gmo nds.gmo ne.gmo nl.gmo nn.gmo oc.gmo or.gmo pa.gmo pl.gmo ps.gmo pt.gmo pt_BR.gmo ro.gmo ru.gmo rw.gmo si.gmo sk.gmo sl.gmo sq.gmo sr.gmo sr@latin.gmo sr@ije.gmo sv.gmo ta.gmo te.gmo th.gmo tl.gmo tr.gmo ug.gmo tt.gmo uk.gmo vi.gmo wa.gmo xh.gmo yi.gmo zh_CN.gmo zh_HK.gmo zh_TW.gmo'
GMSGFMT=''
GREP='/usr/bin/grep'
GSPAWN=''
GTHREAD_COMPILE_IMPL_DEFINES=''
G_LIBS_EXTRA=''
G_MODULE_BROKEN_RTLD_GLOBAL=''
G_MODULE_HAVE_DLERROR=''
G_MODULE_IMPL=''
G_MODULE_LDFLAGS=''
G_MODULE_LIBS=''
G_MODULE_LIBS_EXTRA=''
G_MODULE_NEED_USCORE=''
G_MODULE_PLUGIN_LIBS=''
G_MODULE_SUPPORTED=''
G_THREAD_CFLAGS=''
G_THREAD_LIBS=''
G_THREAD_LIBS_EXTRA=''
G_THREAD_LIBS_FOR_GTHREAD=''
HAVE_CXX_FALSE='#'
HAVE_CXX_TRUE=''
HAVE_DBUS1_FALSE=''
HAVE_DBUS1_TRUE=''
HAVE_DBUS_DAEMON_FALSE=''
HAVE_DBUS_DAEMON_TRUE=''
HAVE_EVENTFD_FALSE=''
HAVE_EVENTFD_TRUE=''
HAVE_FAM_FALSE=''
HAVE_FAM_TRUE=''
HAVE_FEN_FALSE=''
HAVE_FEN_TRUE=''
HAVE_GCC_FALSE='#'
HAVE_GCC_TRUE=''
HAVE_GLIB_RUNTIME_LIBDIR_FALSE=''
HAVE_GLIB_RUNTIME_LIBDIR_TRUE='#'
HAVE_GNUC_VISIBILITY_FALSE=''
HAVE_GNUC_VISIBILITY_TRUE=''
HAVE_GOOD_PRINTF_FALSE=''
HAVE_GOOD_PRINTF_TRUE=''
HAVE_INOTIFY_FALSE=''
HAVE_INOTIFY_TRUE=''
HAVE_KQUEUE_FALSE=''
HAVE_KQUEUE_TRUE=''
HAVE_NETLINK_FALSE=''
HAVE_NETLINK_TRUE=''
HAVE_SUNSTUDIO_VISIBILITY_FALSE=''
HAVE_SUNSTUDIO_VISIBILITY_TRUE=''
ICONV_LIBS=''
INDENT='indent'
INSTALL_DATA='${INSTALL} -m 644'
INSTALL_PROGRAM='${INSTALL}'
INSTALL_SCRIPT='${INSTALL}'
INSTALL_STRIP_PROGRAM='$(install_sh) -c -s'
INSTOBJEXT=''
INTLLIBS=''
LD=''
LDFLAGS='-m32 -arch i386 -Wl,-framework,Carbon -Wl,-framework,Foundation'
LIBELF_CFLAGS=''
LIBELF_LIBS=''
LIBFFI_CFLAGS='-I/opt/local/lib/libffi-3.0.11/include  '
LIBFFI_LIBS='-L/opt/local/lib -lffi  '
LIBOBJS=''
LIBS=''
LIBTOOL=''
LIBTOOL_EXPORT_OPTIONS='-export-symbols-regex "^g.*"'
LIB_EXE_MACHINE_FLAG='X86'
LIPO=''
LN_S=''
LTLIBOBJS=''
LTP=''
LTP_GENHTML=''
LT_AGE='3503'
LT_CURRENT='3503'
LT_CURRENT_MINUS_AGE='0'
LT_RELEASE='2.35'
LT_REVISION='0'
MAINT=''
MAINTAINER_MODE_FALSE='#'
MAINTAINER_MODE_TRUE=''
MAKEINFO='${SHELL} /Users/matt/nightingale/nightingale-deps/glib/missing --run makeinfo'
MANIFEST_TOOL=''
MKDIR_P='./install-sh -c -d'
MKINSTALLDIRS='./mkinstalldirs'
MSGFMT=''
MSGFMT_OPTS=''
MS_LIB_AVAILABLE_FALSE=''
MS_LIB_AVAILABLE_TRUE='#'
NAMESER_COMPAT_INCLUDE=''
NETWORK_LIBS=''
NM=''
NMEDIT=''
OBJDUMP=''
OBJEXT='o'
OS_CARBON_FALSE='#'
OS_CARBON_TRUE=''
OS_COCOA_FALSE='#'
OS_COCOA_TRUE=''
OS_LINUX_FALSE=''
OS_LINUX_TRUE='#'
OS_UNIX_FALSE='#'
OS_UNIX_TRUE=''
OS_WIN32_AND_DLL_COMPILATION_FALSE=''
OS_WIN32_AND_DLL_COMPILATION_TRUE=''
OS_WIN32_FALSE=''
OS_WIN32_TRUE='#'
OS_WIN32_X64_FALSE=''
OS_WIN32_X64_TRUE='#'
OTOOL64=''
OTOOL=''
PACKAGE='glib'
PACKAGE_BUGREPORT='http://bugzilla.gnome.org/enter_bug.cgi?product=glib'
PACKAGE_NAME='glib'
PACKAGE_STRING='glib 2.35.3'
PACKAGE_TARNAME='glib'
PACKAGE_URL=''
PACKAGE_VERSION='2.35.3'
PATH_SEPARATOR=':'
PCRE_CFLAGS=''
PCRE_LIBS=''
PCRE_REQUIRES=''
PCRE_WARN_CFLAGS=''
PERL='perl5'
PERL_PATH='/opt/local/bin/perl5'
PKG_CONFIG='/opt/local/bin/pkg-config'
PKG_CONFIG_LIBDIR=''
PKG_CONFIG_PATH=''
PLATFORMDEP=''
PLATFORM_WIN32_FALSE=''
PLATFORM_WIN32_TRUE=''
POFILES=' af.po am.po ar.po as.po ast.po az.po be.po be@latin.po bg.po bn.po bn_IN.po bs.po ca.po ca@valencia.po cs.po cy.po da.po de.po dz.po el.po en_CA.po en_GB.po en@shaw.po eo.po es.po et.po eu.po fa.po fi.po fr.po ga.po gl.po gu.po he.po hi.po hr.po hu.po hy.po id.po is.po it.po ja.po ka.po kk.po kn.po ko.po ku.po lt.po lv.po mai.po mg.po mk.po ml.po mn.po mr.po ms.po nb.po nds.po ne.po nl.po nn.po oc.po or.po pa.po pl.po ps.po pt.po pt_BR.po ro.po ru.po rw.po si.po sk.po sl.po sq.po sr.po sr@latin.po sr@ije.po sv.po ta.po te.po th.po tl.po tr.po ug.po tt.po uk.po vi.po wa.po xh.po yi.po zh_CN.po zh_HK.po zh_TW.po'
POSUB='po'
PO_IN_DATADIR_FALSE=''
PO_IN_DATADIR_TRUE=''
PYTHON='/usr/bin/python'
PYTHON_EXEC_PREFIX='${exec_prefix}'
PYTHON_PLATFORM='darwin'
PYTHON_PREFIX='${prefix}'
PYTHON_VERSION='2.6'
RANLIB=''
REBUILD=''
SED=''
SELINUX_LIBS=''
SET_MAKE=''
SHELL='/bin/sh'
SHTOOL=''
STRIP=''
USE_NLS='yes'
USE_SYSTEM_PCRE_FALSE=''
USE_SYSTEM_PCRE_TRUE=''
VERSION='2.35.3'
WINDRES=''
WSPIAPI_INCLUDE=''
XATTR_LIBS=''
XGETTEXT=':'
XMLCATALOG=''
XML_CATALOG_FILE=''
XSLTPROC=''
ZLIB_CFLAGS='-I/opt/local/include  '
ZLIB_LIBS='-L/opt/local/lib -lz  '
ac_ct_AR=''
ac_ct_CC='gcc'
ac_ct_CXX='c++'
ac_ct_DUMPBIN=''
am__EXEEXT_FALSE=''
am__EXEEXT_TRUE=''
am__fastdepCC_FALSE='#'
am__fastdepCC_TRUE=''
am__fastdepCXX_FALSE='#'
am__fastdepCXX_TRUE=''
am__include='include'
am__isrc=''
am__leading_dot='.'
am__nodep='_no'
am__quote=''
am__tar='tar --format=ustar -chf - "$$tardir"'
am__untar='tar -xf -'
bindir='${exec_prefix}/bin'
build='i386-apple-darwin10.8.0'
build_alias=''
build_cpu='i386'
build_os='darwin10.8.0'
build_vendor='apple'
config_h_INCLUDES=''
datadir='${datarootdir}'
datarootdir='${prefix}/share'
docdir='${datarootdir}/doc/${PACKAGE_TARNAME}'
dvidir='${docdir}'
exec_prefix='NONE'
gio_INCLUDES=''
glib_INCLUDES=''
gmodule_INCLUDES=''
gobject_INCLUDES=''
host='i386-apple-darwin10.8.0'
host_alias=''
host_cpu='i386'
host_os='darwin10.8.0'
host_vendor='apple'
htmldir='${docdir}'
includedir='${prefix}/include'
infodir='${datarootdir}/info'
install_sh='${SHELL} /Users/matt/nightingale/nightingale-deps/glib/install-sh'
libdir='${exec_prefix}/lib'
libexecdir='${exec_prefix}/libexec'
localedir='${datarootdir}/locale'
localstatedir='${prefix}/var'
mandir='${datarootdir}/man'
mkdir_p='$(MKDIR_P)'
ms_librarian=''
oldincludedir='/usr/include'
pdfdir='${docdir}'
pkgpyexecdir='${pyexecdir}/glib'
pkgpythondir='${pythondir}/glib'
prefix='NONE'
program_transform_name='s,x,x,'
psdir='${docdir}'
pyexecdir='${exec_prefix}/lib/python2.6/site-packages'
pythondir='${prefix}/lib/python2.6/site-packages'
sbindir='${exec_prefix}/sbin'
sharedstatedir='${prefix}/com'
sysconfdir='${prefix}/etc'
target_alias=''

## ----------- ##
## confdefs.h. ##
## ----------- ##

/* confdefs.h */
#define PACKAGE_NAME "glib"
#define PACKAGE_TARNAME "glib"
#define PACKAGE_VERSION "2.35.3"
#define PACKAGE_STRING "glib 2.35.3"
#define PACKAGE_BUGREPORT "http://bugzilla.gnome.org/enter_bug.cgi?product=glib"
#define PACKAGE_URL ""
#define GLIB_MAJOR_VERSION 2
#define GLIB_MINOR_VERSION 35
#define GLIB_MICRO_VERSION 3
#define GLIB_INTERFACE_AGE 0
#define GLIB_BINARY_AGE 3503
#define HAVE_CARBON 1
#define HAVE_COCOA 1
#define NEED_ICONV_CACHE 1
#define STDC_HEADERS 1
#define HAVE_SYS_TYPES_H 1
#define HAVE_SYS_STAT_H 1
#define HAVE_STDLIB_H 1
#define HAVE_STRING_H 1
#define HAVE_MEMORY_H 1
#define HAVE_STRINGS_H 1
#define HAVE_INTTYPES_H 1
#define HAVE_STDINT_H 1
#define HAVE_UNISTD_H 1
#define HAVE_LOCALE_H 1
#define HAVE_LC_MESSAGES 1

configure: exit 1
