A D/ar////
A D/bg////
A D/ca////
A D/cs////
A D/da////
A D/de////
A D/el////
A D/en-GB////
A D/en-US////
A D/es-AR////
A D/es-ES////
A D/eu////
A D/fi////
A D/fr////
A D/fy-NL////
A D/ga-IE////
A D/generic////
A D/gu-IN////
A D/he////
A D/hu////
A D/hy-AM////
A D/it////
A D/ja////
A D/ja-JP-mac////
A D/ko////
A D/lt////
A D/mk////
A D/mn////
A D/nb-NO////
A D/nl////
A D/nn-NO////
A D/pa-IN////
A D/pl////
A D/pt-BR////
A D/ro////
A D/ru////
A D/sk////
A D/sl////
A D/sq////
A D/sv-SE////
A D/tr////
A D/zh-CN////
A D/zh-TW////
R D/zh-TW////
R D/zh-CN////
R D/tr////
R D/sv-SE////
R D/sq////
R D/sl////
R D/sk////
R D/ru////
R D/ro////
R D/pt-BR////
R D/pl////
R D/pa-IN////
R D/nn-NO////
R D/nl////
R D/nb-NO////
R D/mn////
R D/mk////
R D/lt////
R D/ko////
R D/ja-JP-mac////
R D/ja////
R D/it////
R D/hy-AM////
R D/hu////
R D/he////
R D/gu-IN////
R D/ga-IE////
R D/fy-NL////
R D/fr////
R D/fi////
R D/eu////
R D/es-ES////
R D/es-AR////
R D/en-GB////
R D/el////
R D/de////
R D/da////
R D/cs////
R D/ca////
R D/bg////
R D/ar////
