A D/beos////
A D/build////
A D/cocoa////
A D/gtk////
A D/gtk2////
A D/gtksuperwin////
A D/gtkxtbin////
A D/mac////
A D/membuf////
A D/motif////
A D/os2////
A D/photon////
A D/qt////
A D/rhapsody////
A D/support////
A D/unix_services////
A D/windows////
A D/xlib////
A D/xlibxtbin////
A D/xpwidgets////
A D/xremoteclient////
A D/xwin////
R D/xwin////
R D/xlibxtbin////
R D/xlib////
R D/unix_services////
R D/rhapsody////
R D/qt////
R D/motif////
R D/membuf////
R D/mac////
R D/gtksuperwin////
R D/gtk////
