A D/beos////
A D/cairo////
A D/freetype////
A D/gtk////
A D/gtk2////
A D/mac////
A D/membuf////
A D/motif////
A D/os2////
A D/photon////
A D/ps////
A D/psshared////
A D/qt////
A D/rasprinter////
A D/rhapsody////
A D/shared////
A D/thebes////
A D/windows////
A D/x11shared////
A D/xlib////
A D/xlibrgb////
A D/xprint////
A D/xprintutil////
R D/xprintutil////
R D/xprint////
R D/xlibrgb////
R D/xlib////
R D/x11shared////
R D/windows////
R D/rhapsody////
R D/rasprinter////
R D/qt////
R D/ps////
R D/os2////
R D/motif////
R D/membuf////
R D/mac////
R D/gtk2////
R D/gtk////
R D/freetype////
R D/cairo////
