A D/access-builtin////
A D/auth////
A D/canvas3d////
A D/cck////
A D/chimera////
A D/content-packs////
A D/cookie////
A D/ctl////
A D/cview////
A D/datetime////
A D/dbus////
A D/editor////
A D/finger////
A D/gnomevfs////
A D/help////
A D/inspector////
A D/interfaceinfo////
A D/irc////
A D/java////
A D/jssh////
A D/layout-debug////
A D/lightning////
A D/manticore////
A D/metrics////
A D/minimo-desktop////
A D/mono////
A D/negotiateauth////
A D/openwengo////
A D/p3p////
A D/pageInfo////
A D/penelope////
A D/permissions////
A D/pgpmail////
A D/pics////
A D/pref////
A D/preloader////
A D/psm-glue////
A D/python////
A D/reporter////
A D/safe-browsing////
A D/schema-validation////
A D/spatialnavigation////
A D/spellcheck////
A D/sql////
A D/sroaming////
A D/tasks////
A D/transformiix////
A D/tridentprofile////
A D/typeaheadfind////
A D/universalchardet////
A D/venkman////
A D/vixen////
A D/wallet////
A D/webdav////
A D/webservices////
A D/xforms////
A D/xml-rpc////
A D/xmlextras////
A D/xmlprettyprinter////
A D/xmlterm////
A D/xpath-generator////
R D/xmlterm////
R D/xmlprettyprinter////
R D/vixen////
R D/transformiix////
R D/safe-browsing////
R D/psm-glue////
R D/preloader////
R D/pics////
R D/pgpmail////
R D/pageInfo////
R D/p3p////
R D/openwengo////
R D/negotiateauth////
R D/minimo-desktop////
R D/interfaceinfo////
R D/help////
R D/dbus////
R D/ctl////
R D/content-packs////
R D/chimera////
R D/canvas3d////
