A D/MoreFiles////
A D/apps////
A D/appshell////
A D/base////
A D/build////
A D/components////
A D/doc////
A D/ds////
A D/glue////
A D/idl////
A D/io////
A D/libxpt////
A D/macbuild////
A D/obsolete////
A D/proxy////
A D/public////
A D/reflect////
A D/remote////
A D/sample////
A D/src////
A D/string////
A D/stub////
A D/system////
A D/tests////
A D/threads////
A D/tools////
A D/typelib////
A D/windbgdlg////
R D/src////
R D/remote////
R D/public////
R D/macbuild////
R D/idl////
R D/appshell////
R D/apps////
