A D/appstartup////
A D/build////
A D/chrome////
A D/commandhandler////
A D/directoryprovider////
A D/download////
A D/filelocprovider////
A D/find////
A D/jsconsole////
A D/mac////
A D/npauthprompt////
A D/printingui////
A D/profilesharingsetup////
A D/promptservice////
A D/smallghistory////
A D/spellcheck////
A D/ui////
A D/unix////
A D/webbrowserpersist////
A D/windows////
A D/windowwatcher////
R D/windows////
R D/unix////
R D/spellcheck////
R D/smallghistory////
R D/promptservice////
R D/npauthprompt////
R D/mac////
R D/jsconsole////
R D/filelocprovider////
R D/download////
R D/directoryprovider////
R D/chrome////
