A D/alerts////
A D/autocomplete////
A D/bookmarks////
A D/build////
A D/build2////
A D/console////
A D/cookie////
A D/directory////
A D/download-manager////
A D/downloadmgr////
A D/extensions////
A D/filepicker////
A D/find////
A D/fullscreen////
A D/history////
A D/intl////
A D/killAll////
A D/macbuild////
A D/ns4hooks////
A D/pageInfo////
A D/permissions////
A D/prefwindow////
A D/printing////
A D/public////
A D/regviewer////
A D/related////
A D/remote////
A D/resetPref////
A D/sample////
A D/search////
A D/setDefaultMail////
A D/shistory////
A D/sidebar////
A D/startup////
A D/timebomb////
A D/ucth////
A D/unsetDefaultMail////
A D/updates////
A D/urlbarhistory////
A D/urlwidget////
A D/windowds////
A D/winhooks////
A D/xfer////
A D/xremote////
R D/xfer////
R D/urlwidget////
R D/urlbarhistory////
R D/updates////
R D/unsetDefaultMail////
R D/ucth////
R D/timebomb////
R D/sidebar////
R D/shistory////
R D/setDefaultMail////
R D/search////
R D/sample////
R D/remote////
R D/regviewer////
R D/public////
R D/printing////
R D/prefwindow////
R D/permissions////
R D/pageInfo////
R D/ns4hooks////
R D/macbuild////
R D/killAll////
R D/fullscreen////
R D/extensions////
R D/downloadmgr////
R D/cookie////
R D/console////
R D/build2////
R D/bookmarks////
R D/alerts////
