A D/idl////
A D/macbuild////
A D/native////
A D/public////
A D/src////
A D/tests////
A D/tools////
A D/ucvam////
A D/ucvar////
A D/ucvasia////
A D/ucvcn////
A D/ucvcy////
A D/ucvgr////
A D/ucvhr////
A D/ucvibm////
A D/ucvja////
A D/ucvja2////
A D/ucvko////
A D/ucvlatin////
A D/ucvmath////
A D/ucvth////
A D/ucvtw////
A D/ucvtw2////
A D/ucvutf////
A D/ucvvt////
A D/ucvwestern////
A D/ufromam////
A D/ufromar////
A D/ufromcn////
A D/ufromcy////
A D/ufromgr////
A D/ufromhr////
A D/ufromja////
A D/ufromja2////
A D/ufromko////
A D/ufroml////
A D/ufromtw////
A D/ufromtw2////
A D/ufromutf////
A D/ufromvt////
A D/util////
A D/utoam////
A D/utoar////
A D/utocn////
A D/utocy////
A D/utogr////
A D/utohr////
A D/utoja////
A D/utoja2////
A D/utoko////
A D/utol////
A D/utotw////
A D/utotw2////
A D/utoutf////
A D/utovt////
R D/utovt////
R D/utoutf////
R D/utotw2////
R D/utotw////
R D/utol////
R D/utoko////
R D/utoja2////
R D/utoja////
R D/utohr////
R D/utogr////
R D/utocy////
R D/utocn////
R D/utoar////
R D/utoam////
R D/ufromvt////
R D/ufromutf////
R D/ufromtw2////
R D/ufromtw////
R D/ufroml////
R D/ufromko////
R D/ufromja2////
R D/ufromja////
R D/ufromhr////
R D/ufromgr////
R D/ufromcy////
R D/ufromcn////
R D/ufromar////
R D/ufromam////
R D/ucvwestern////
R D/ucvutf////
R D/ucvja2////
R D/ucvhr////
R D/ucvgr////
R D/ucvcy////
R D/ucvasia////
R D/ucvar////
R D/ucvam////
R D/macbuild////
