A D/db////
A D/js////
A D/README////
A D/accessible////
A D/caps////
A D/chrome////
A D/config////
A D/content////
A D/docshell////
A D/dom////
A D/editor////
A D/embedding////
A D/extensions////
A D/gfx////
A D/intl////
A D/ipc////
A D/jpeg////
A D/layout////
A D/memory////
A D/modules////
A D/netwerk////
A D/other-licenses////
A D/parser////
A D/plugin////
A D/probes////
A D/profile////
A D/rdf////
A D/storage////
A D/sun-java////
A D/testing////
A D/toolkit////
A D/tools////
A D/uriloader////
A D/view////
A D/webshell////
A D/widget////
A D/xpcom////
A D/xpfe////
A D/xpinstall////
